app/build/intermediates/manifest_merge_blame_file/debug/processDebugMainManifest/manifest-merger-blame-debug-report.txt
1<?xml version="1.0" encoding="utf-8"?>
2<manifest xmlns:android="http://schemas.android.com/apk/res/android"
3    package="com.example.fix60hz"
4    android:versionCode="99"
5    android:versionName="1.3" >
6
7    <uses-sdk
8        android:minSdkVersion="31"
9        android:targetSdkVersion="34" />
10
11    <uses-permission android:name="android.permission.POST_NOTIFICATIONS" />
11-->src\main\AndroidManifest.xml:5:5-77
11-->src\main\AndroidManifest.xml:5:22-74
12
13    <application
13-->src\main\AndroidManifest.xml:7:5-35:19
14        android:allowBackup="false"
14-->src\main\AndroidManifest.xml:10:5-32
15        android:debuggable="true"
16        android:extractNativeLibs="false"
17        android:icon="@mipmap/ic_launcher"
17-->src\main\AndroidManifest.xml:9:5-39
18        android:label="Fix60Hz"
18-->src\main\AndroidManifest.xml:8:5-28
19        android:supportsRtl="true" >
19-->src\main\AndroidManifest.xml:11:5-31
20
21        <!-- Xposed module metadata -->
22        <meta-data
22-->src\main\AndroidManifest.xml:14:9-16:36
23            android:name="xposedmodule"
23-->src\main\AndroidManifest.xml:15:13-40
24            android:value="true" />
24-->src\main\AndroidManifest.xml:16:13-33
25        <meta-data
25-->src\main\AndroidManifest.xml:17:9-19:120
26            android:name="xposeddescription"
26-->src\main\AndroidManifest.xml:18:13-45
27            android:value="Forces 60Hz refresh rate. Fix for replaced screens on Realme GT 5G (RMX2202) ColorOS 14." />
27-->src\main\AndroidManifest.xml:19:13-117
28        <meta-data
28-->src\main\AndroidManifest.xml:20:9-22:34
29            android:name="xposedminversion"
29-->src\main\AndroidManifest.xml:21:13-44
30            android:value="93" />
30-->src\main\AndroidManifest.xml:22:13-31
31
32        <!-- UI Activity -->
33        <activity
33-->src\main\AndroidManifest.xml:25:9-33:20
34            android:name="com.example.fix60hz.MainActivity"
34-->src\main\AndroidManifest.xml:26:13-41
35            android:exported="true"
35-->src\main\AndroidManifest.xml:27:13-36
36            android:label="Fix60Hz" >
36-->src\main\AndroidManifest.xml:28:13-36
37            <intent-filter>
37-->src\main\AndroidManifest.xml:29:13-32:29
38                <action android:name="android.intent.action.MAIN" />
38-->src\main\AndroidManifest.xml:30:17-69
38-->src\main\AndroidManifest.xml:30:25-66
39
40                <category android:name="android.intent.category.LAUNCHER" />
40-->src\main\AndroidManifest.xml:31:17-77
40-->src\main\AndroidManifest.xml:31:27-74
41            </intent-filter>
42        </activity>
43    </application>
44
45</manifest>